<?xml version="1.0" ?>
<!-- SPDX-License-Identifier: CC-BY-SA-3.0 -->
<!-- SPDX-FileCopyrightText: lensfun database -->
<lensdatabase version="1">
    <camera>
        <maker>Panasonic</maker>
        <model>DMC-GX80</model>
        <mount>Micro 4/3 System</mount>
        <cropfactor>2</cropfactor>
    </camera>
    <camera> <!-- This entry is added in addition to the original db entry to test video formats. -->
        <maker>Panasonic</maker>
        <model>DMC-GX80</model>
        <mount>Micro 4/3 System</mount>
        <cropfactor>2.1785714</cropfactor>
        <variant>16:9 video</variant>
    </camera>
    <lens>
        <maker>Panasonic</maker>
        <model>Lumix G Vario 12-32mm f/3.5-5.6 Asph. Mega OIS</model>
        <mount>Micro 4/3 System</mount>
        <cropfactor>2</cropfactor>
        <aspect-ratio>4:3</aspect-ratio>
        <calibration>
            <!-- Taken with Panasonic DMC-GM1 -->
            <distortion model="ptlens" focal="12" a="0.02222" b="-0.06354" c="-0.05077"/>
            <distortion model="ptlens" focal="14" a="0.02389" b="-0.07355" c="0.00922"/>
            <distortion model="ptlens" focal="20" a="0" b="-0.0088" c="0"/>
            <distortion model="ptlens" focal="32" a="0" b="0.00353" c="0"/>
            <tca model="poly3" focal="12" br="-0.0000213" vr="1.0002074" bb="-0.0000183" vb="1.0002135"/>
            <tca model="poly3" focal="14" br="0.0000115" vr="1.0001642" bb="0.0000508" vb="1.0001012"/>
            <tca model="poly3" focal="20" br="-0.0000057" vr="1.0001348" bb="-0.0000052" vb="1.0001246"/>
            <tca model="poly3" focal="32" br="-0.0000680" vr="1.0001404" bb="-0.0000581" vb="1.0001761"/>
            <!--  Taken with Panasonic Lumix GX80  -->
            <vignetting model="pa" focal="12" aperture="3.5" distance="10" k1="-0.8315" k2="0.4291" k3="-0.3420"/>
            <vignetting model="pa" focal="12" aperture="3.5" distance="1000" k1="-0.8315" k2="0.4291" k3="-0.3420"/>
            <vignetting model="pa" focal="12" aperture="4.5" distance="10" k1="-0.3630" k2="0.0319" k3="-0.2708"/>
            <vignetting model="pa" focal="12" aperture="4.5" distance="1000" k1="-0.3630" k2="0.0319" k3="-0.2708"/>
            <vignetting model="pa" focal="12" aperture="5.6" distance="10" k1="-0.5284" k2="0.6500" k3="-0.5847"/>
            <vignetting model="pa" focal="12" aperture="5.6" distance="1000" k1="-0.5284" k2="0.6500" k3="-0.5847"/>
            <vignetting model="pa" focal="12" aperture="7.1" distance="10" k1="-0.4779" k2="0.4199" k3="-0.3299"/>
            <vignetting model="pa" focal="12" aperture="7.1" distance="1000" k1="-0.4779" k2="0.4199" k3="-0.3299"/>
            <vignetting model="pa" focal="12" aperture="22" distance="10" k1="-0.4093" k2="0.1096" k3="-0.0236"/>
            <vignetting model="pa" focal="12" aperture="22" distance="1000" k1="-0.4093" k2="0.1096" k3="-0.0236"/>
            <vignetting model="pa" focal="15" aperture="3.7" distance="10" k1="-0.9290" k2="0.7907" k3="-0.3447"/>
            <vignetting model="pa" focal="15" aperture="3.7" distance="1000" k1="-0.9290" k2="0.7907" k3="-0.3447"/>
            <vignetting model="pa" focal="15" aperture="4.5" distance="10" k1="-0.3088" k2="-0.3661" k3="0.2844"/>
            <vignetting model="pa" focal="15" aperture="4.5" distance="1000" k1="-0.3088" k2="-0.3661" k3="0.2844"/>
            <vignetting model="pa" focal="15" aperture="5.6" distance="10" k1="-0.3571" k2="0.0906" k3="-0.0549"/>
            <vignetting model="pa" focal="15" aperture="5.6" distance="1000" k1="-0.3571" k2="0.0906" k3="-0.0549"/>
            <vignetting model="pa" focal="15" aperture="7.1" distance="10" k1="-0.3526" k2="0.0512" k3="0.0182"/>
            <vignetting model="pa" focal="15" aperture="7.1" distance="1000" k1="-0.3526" k2="0.0512" k3="0.0182"/>
            <vignetting model="pa" focal="15" aperture="22" distance="10" k1="-0.3604" k2="0.0632" k3="0.0229"/>
            <vignetting model="pa" focal="15" aperture="22" distance="1000" k1="-0.3604" k2="0.0632" k3="0.0229"/>
            <vignetting model="pa" focal="18" aperture="4.2" distance="10" k1="-0.8687" k2="0.7672" k3="-0.3187"/>
            <vignetting model="pa" focal="18" aperture="4.2" distance="1000" k1="-0.8687" k2="0.7672" k3="-0.3187"/>
            <vignetting model="pa" focal="18" aperture="5.6" distance="10" k1="-0.2683" k2="-0.0907" k3="0.0562"/>
            <vignetting model="pa" focal="18" aperture="5.6" distance="1000" k1="-0.2683" k2="-0.0907" k3="0.0562"/>
            <vignetting model="pa" focal="18" aperture="7.1" distance="10" k1="-0.3135" k2="0.0569" k3="0.0081"/>
            <vignetting model="pa" focal="18" aperture="7.1" distance="1000" k1="-0.3135" k2="0.0569" k3="0.0081"/>
            <vignetting model="pa" focal="18" aperture="8" distance="10" k1="-0.3159" k2="0.0746" k3="-0.0048"/>
            <vignetting model="pa" focal="18" aperture="8" distance="1000" k1="-0.3159" k2="0.0746" k3="-0.0048"/>
            <vignetting model="pa" focal="18" aperture="22" distance="10" k1="-0.3282" k2="0.0680" k3="0.0134"/>
            <vignetting model="pa" focal="18" aperture="22" distance="1000" k1="-0.3282" k2="0.0680" k3="0.0134"/>
            <vignetting model="pa" focal="26" aperture="5.3" distance="10" k1="-0.6776" k2="0.5047" k3="-0.1996"/>
            <vignetting model="pa" focal="26" aperture="5.3" distance="1000" k1="-0.6776" k2="0.5047" k3="-0.1996"/>
            <vignetting model="pa" focal="26" aperture="6.3" distance="10" k1="-0.2575" k2="-0.0982" k3="0.0729"/>
            <vignetting model="pa" focal="26" aperture="6.3" distance="1000" k1="-0.2575" k2="-0.0982" k3="0.0729"/>
            <vignetting model="pa" focal="26" aperture="8" distance="10" k1="-0.3336" k2="0.1781" k3="-0.0909"/>
            <vignetting model="pa" focal="26" aperture="8" distance="1000" k1="-0.3336" k2="0.1781" k3="-0.0909"/>
            <vignetting model="pa" focal="26" aperture="9" distance="10" k1="-0.3205" k2="0.1139" k3="-0.0288"/>
            <vignetting model="pa" focal="26" aperture="9" distance="1000" k1="-0.3205" k2="0.1139" k3="-0.0288"/>
            <vignetting model="pa" focal="26" aperture="22" distance="10" k1="-0.3211" k2="0.0811" k3="0.0149"/>
            <vignetting model="pa" focal="26" aperture="22" distance="1000" k1="-0.3211" k2="0.0811" k3="0.0149"/>
            <vignetting model="pa" focal="32" aperture="5.6" distance="10" k1="-0.6432" k2="0.5043" k3="-0.2315"/>
            <vignetting model="pa" focal="32" aperture="5.6" distance="1000" k1="-0.6432" k2="0.5043" k3="-0.2315"/>
            <vignetting model="pa" focal="32" aperture="7.1" distance="10" k1="-0.3381" k2="0.2127" k3="-0.1687"/>
            <vignetting model="pa" focal="32" aperture="7.1" distance="1000" k1="-0.3381" k2="0.2127" k3="-0.1687"/>
            <vignetting model="pa" focal="32" aperture="8" distance="10" k1="-0.3610" k2="0.2651" k3="-0.1630"/>
            <vignetting model="pa" focal="32" aperture="8" distance="1000" k1="-0.3610" k2="0.2651" k3="-0.1630"/>
            <vignetting model="pa" focal="32" aperture="9" distance="10" k1="-0.3450" k2="0.1998" k3="-0.1028"/>
            <vignetting model="pa" focal="32" aperture="9" distance="1000" k1="-0.3450" k2="0.1998" k3="-0.1028"/>
            <vignetting model="pa" focal="32" aperture="22" distance="10" k1="-0.3200" k2="0.0798" k3="0.0159"/>
            <vignetting model="pa" focal="32" aperture="22" distance="1000" k1="-0.3200" k2="0.0798" k3="0.0159"/>
        </calibration>
    </lens>
</lensdatabase>
